C51 COMPILER V9.54   MAIN                                                                  05/23/2023 11:26:44 PAGE 1   


C51 COMPILER V9.54, COMPILATION OF MODULE MAIN
OBJECT MODULE PLACED IN main.OBJ
COMPILER INVOKED BY: F:\keil_c51\C51\BIN\C51.EXE main.c OPTIMIZE(8,SPEED) BROWSE DEBUG OBJECTEXTEND TABS(2)

line level    source

   1          
   2          #include "main.h"
   3          #include "HX711.h"
   4          #define uchar unsigned char
   5          #define uint unsigned int
   6          sbit key0=P0^0;
   7          sbit key1=P0^1;
   8          sbit key2=P0^2;
   9          sbit key3=P0^3;
  10          
  11          sbit seg0=P0^7;
  12          sbit seg1=P1^0;
  13          sbit seg2=P1^1;
  14          sbit seg3=P3^6;
  15          sbit change=P1^7;
  16          sbit io1=P0^4;
  17          sbit io2=P0^5;
  18          sbit io3=P0^6;
  19          sbit yellow=P1^2;
  20          sbit orange=P1^3;
  21          sbit red=P1^4;
  22          long Weight_Shiwu = 0;
  23          //sbit led1=P2^0;
  24          //sbit led2=P2^1;
  25          //sbit led3=P2^2;
  26          //sbit led4=P2^3;
  27          //sbit led5=P2^4;
  28          //sbit led6=P2^5;
  29          //sbit led7=P2^6;
  30          //sbit led8=P2^7;
  31          
  32          
  33          
  34          
  35          sfr P4   = 0xC0;
  36          sbit y_led1=P0^7;
  37          sbit y_led2=P1^0;
  38          sbit y_led3=P1^1;
  39          sbit y_led4=P4^4;
  40          
  41          sbit x_led1=P2^7;
  42          sbit x_led2=P2^6;
  43          sbit x_led3=P2^5;
  44          sbit x_led4=P2^4;
  45          sbit x_led5=P2^3;
  46          sbit x_led6=P2^2;
  47          sbit x_led7=P2^1;
  48          sbit x_led8=P2^0;
  49          
  50          //sbit le1=P0^0;
  51          //sbit le2=P0^1;
  52          //sbit le3=P0^2;
  53          uchar code table[] = { 0x3f,0x06,0x5b,0x4f,0x66,0x6d,0x7d,0x07,0x7f,0x6f,0X00,0XFF,0x40};     //0,1,2,3,4,5,
             -6,7,8,9,全暗，全亮,g,e,r,o,h,l      //共阴
  54          uchar flag=0,s,m=12,h=21,week,flag1=0,beep,flag2;
C51 COMPILER V9.54   MAIN                                                                  05/23/2023 11:26:44 PAGE 2   

  55          uchar m1,h1,s1,clock;
  56          void Scan_Key()
  57          {
  58   1        if(key0 == 1)
  59   1        {
  60   2          Delay_ms(5);
  61   2          if(key0 == 1)
  62   2          {
  63   3            flag2=!flag2;
  64   3            while(key0==1);
  65   3          } 
  66   2        }
  67   1      
  68   1      if(key1 == 1)
  69   1        {
  70   2          Delay_ms(5);
  71   2          if(key1 == 1)
  72   2          {if(flag2==0){m++;}
  73   3            if(flag2==1){m1++;}
  74   3            while(key1==1);
  75   3          } 
  76   2        }
  77   1        
  78   1        if(key2 == 1)
  79   1        {
  80   2          Delay_ms(5);
  81   2          if(key2 == 1)
  82   2          {
  83   3            if(flag2==0){h++;}
  84   3            if(flag2==1){h1++;}
  85   3            while(key2==1);
  86   3          } 
  87   2        }
  88   1        
  89   1        if(key3 == 1)
  90   1        {
  91   2          Delay_ms(5);
  92   2          if(key3 == 1)
  93   2          {
  94   3            week++;
  95   3            while(key3==1);
  96   3          } 
  97   2        }
  98   1        if(change==1)
  99   1        {
 100   2            Delay_ms(5);
 101   2          if(change == 1)
 102   2          {
 103   3            flag1++;if(flag1==3){flag1=0;}
 104   3            while(change==1);
 105   3            
 106   3          } 
 107   2        }
 108   1      }
 109          void display()
 110          {
 111   1        if(flag2==0)
 112   1        {
 113   2        if(s%2==0)
 114   2        {     seg0=0;
 115   3          P2=table[h/10];
 116   3          Delay_ms(2);
C51 COMPILER V9.54   MAIN                                                                  05/23/2023 11:26:44 PAGE 3   

 117   3          seg0=1;seg1=1;seg2=1;seg3=1;
 118   3        seg1=0;
 119   3          P2=table[h%10];
 120   3          Delay_ms(2);
 121   3        seg0=1;seg1=1;seg2=1;seg3=1;  
 122   3      seg2=0; 
 123   3          P2=table[m/10];
 124   3          Delay_ms(2);
 125   3          seg0=1;seg1=1;seg2=1;seg3=1;
 126   3      seg3=0;
 127   3          P2=table[m%10];
 128   3          Delay_ms(2);
 129   3          seg0=1;seg1=1;seg2=1;seg3=1;
 130   3        }else { seg0=0;seg1=0;seg2=0;seg3=0;P2=table[week+1];}
 131   2        
 132   2        }
 133   1      
 134   1      //    if(flag2==1)
 135   1      //  {
 136   1      //        seg0=0;
 137   1      //    P2=table[h1/10];
 138   1      //    Delay_ms(2);
 139   1      //    seg0=1;seg1=1;seg2=1;seg3=1;
 140   1      //  seg1=0;
 141   1      //    P2=table[h1%10];
 142   1      //    Delay_ms(2);
 143   1      //  seg0=1;seg1=1;seg2=1;seg3=1;  
 144   1      //seg2=0; 
 145   1      //    P2=table[m1/10];
 146   1      //    Delay_ms(2);
 147   1      //    seg0=1;seg1=1;seg2=1;seg3=1;
 148   1      //seg3=0;
 149   1      //    P2=table[m1%10];
 150   1      //    Delay_ms(2);
 151   1      //    seg0=1;seg1=1;seg2=1;seg3=1;
 152   1      //    clock=1;
 153   1      //  }
 154   1      
 155   1      }
 156          void led()
 157          {
 158   1      //y_led1=1;
 159   1      //y_led2=1;
 160   1      //y_led3=1;
 161   1      //y_led4=1;
 162   1      //  
 163   1        
 164   1      y_led1=0;
 165   1      y_led2=0;
 166   1      y_led3=0;
 167   1      //y_led4=0;
 168   1        
 169   1        
 170   1      //x_led1=0;
 171   1      //x_led2=0;
 172   1      //x_led3=0;
 173   1      //x_led4=0;
 174   1      //x_led5=0;
 175   1      //x_led6=0;
 176   1      //x_led7=0;
 177   1      //x_led8=0;
 178   1        
C51 COMPILER V9.54   MAIN                                                                  05/23/2023 11:26:44 PAGE 4   

 179   1        
 180   1      x_led1=1;
 181   1      x_led2=1;
 182   1      x_led3=1;
 183   1      x_led4=1;
 184   1      x_led5=1;
 185   1      x_led6=1;
 186   1      x_led7=1;
 187   1      x_led8=1;
 188   1      }
 189          
 190          
 191          void main()
 192          {
 193   1          
 194   1        Delay_ms(1000);    //延时,等待传感器稳定
 195   1        Init_Timer0();
 196   1        while(1)
 197   1        {   
 198   2          
 199   2        led();
 200   2      //    display();
 201   2      //  Get_Weight();     //称重
 202   2      //    Scan_Key();
 203   2      //  beep_();
 204   2          
 205   2        }
 206   1      }
 207          
 208          
 209          void Get_Weight()
 210          {
 211   1      //  Weight_Shiwu = HX711_Read();
 212   1      //  if(Weight_Shiwu > 0)      
 213   1      //  {                                 
 214   1      //    if(Weight_Shiwu > 10000)    //超重报警
 215   1      //    {
 216   1      //        beep=0;
 217   1      //        red=0;orange=0;yellow=0;
 218   1              //Delay_ms(2000);
 219   1      //    }else red=1;orange=1;yellow=1;
 220   1      
 221   1      //  }
 222   1      
 223   1      }
 224          
 225          
 226          void Init_Timer0()
 227          {
 228   1        TMOD = 0X01;      //T0, 工作模式1
 229   1      
 230   1        TH0 = (65536 - 25000)/256;
 231   1        TL0 = (65536 - 25000)%256;
 232   1      
 233   1        TR0 = 1;        //开启定时器
 234   1        ET0 = 1;        //开启定时器中断
 235   1        EA = 1;         //开启总中断    
 236   1      }
 237          
 238          
 239          void int0() interrupt 1
 240          {
C51 COMPILER V9.54   MAIN                                                                  05/23/2023 11:26:44 PAGE 5   

 241   1        TH0 = (65536 - 25000)/256;
 242   1        TL0 = (65536 - 25000)%256;
 243   1        
 244   1        flag++;
 245   1        if(flag >= 20)
 246   1        {
 247   2          s++;flag=0;
 248   2      
 249   2          
 250   2        }
 251   1        if(s==60){m++;s=0;}
 252   1        if(m==60){h++;m=0;}
 253   1        if(h==24){week++;h=0;}
 254   1        if(week==7){week=0;}
 255   1        if(clock==1)
 256   1        {
 257   2          if(m==m1&&h==h1)
 258   2            {
 259   3              beep=1;
 260   3              clock=0;
 261   3            }
 262   2        }
 263   1        
 264   1        
 265   1      }
 266          void beep_()
 267          {
 268   1        if(beep==0)
 269   1          {
 270   2            io1=0;io2=0;io3=0;
 271   2          }
 272   1          else
 273   1          {
 274   2            
 275   2          }if(flag==0){ io1=1;io2=0;io3=0;}
 276   1            if(flag==1){  io1=0;io2=1;io3=0;}
 277   1            if(flag==2){  io1=0;io2=0;io3=1;}
 278   1      }
 279          
 280          void Delay_ms(unsigned int n)
 281          {
 282   1        unsigned int  i,j;
 283   1        for(i=0;i<n;i++)
 284   1          for(j=0;j<123;j++);
 285   1      }


MODULE INFORMATION:   STATIC OVERLAYABLE
   CODE SIZE        =    460    ----
   CONSTANT SIZE    =     13    ----
   XDATA SIZE       =   ----    ----
   PDATA SIZE       =   ----    ----
   DATA SIZE        =     16    ----
   IDATA SIZE       =   ----    ----
   BIT SIZE         =   ----    ----
END OF MODULE INFORMATION.


C51 COMPILATION COMPLETE.  0 WARNING(S),  0 ERROR(S)
